2023-02-14 22:14:08,955 - [line:195] - INFO: load pre trained weight finished
2023-02-14 22:14:09,083 - [line:210] - INFO: start simCLR training for fine tune, epoch 1
2023-02-14 22:14:27,321 - [line:126] - INFO: [Epoch: 001] Train      | Loss: 2.3026 | Accuracy: 0.8255
2023-02-14 22:14:29,947 - [line:148] - INFO: [Epoch: 001] Validation | Loss: 2.3026 | Accuracy: 0.8267
2023-02-14 22:14:29,948 - [line:90] - INFO: validation loss decreased (inf --> 2.302574).  Saving model ...
2023-02-14 22:14:29,983 - [line:210] - INFO: start simCLR training for fine tune, epoch 2
2023-02-14 22:14:48,309 - [line:126] - INFO: [Epoch: 002] Train      | Loss: 2.3026 | Accuracy: 0.8249
2023-02-14 22:14:50,929 - [line:148] - INFO: [Epoch: 002] Validation | Loss: 2.3026 | Accuracy: 0.8269
2023-02-14 22:14:50,930 - [line:79] - INFO: > early stopping counter: 1 out of 30
2023-02-14 22:14:50,930 - [line:210] - INFO: start simCLR training for fine tune, epoch 3
2023-02-14 22:15:09,315 - [line:126] - INFO: [Epoch: 003] Train      | Loss: 2.3026 | Accuracy: 0.8255
2023-02-14 22:15:11,919 - [line:148] - INFO: [Epoch: 003] Validation | Loss: 2.3026 | Accuracy: 0.8284
2023-02-14 22:15:11,920 - [line:79] - INFO: > early stopping counter: 2 out of 30
2023-02-14 22:15:11,920 - [line:210] - INFO: start simCLR training for fine tune, epoch 4
2023-02-14 22:15:29,955 - [line:126] - INFO: [Epoch: 004] Train      | Loss: 2.3026 | Accuracy: 0.8263
2023-02-14 22:15:32,555 - [line:148] - INFO: [Epoch: 004] Validation | Loss: 2.3026 | Accuracy: 0.8252
2023-02-14 22:15:32,556 - [line:79] - INFO: > early stopping counter: 3 out of 30
2023-02-14 22:15:32,556 - [line:210] - INFO: start simCLR training for fine tune, epoch 5
2023-02-14 22:15:50,556 - [line:126] - INFO: [Epoch: 005] Train      | Loss: 2.3026 | Accuracy: 0.8231
2023-02-14 22:15:53,164 - [line:148] - INFO: [Epoch: 005] Validation | Loss: 2.3026 | Accuracy: 0.8264
2023-02-14 22:15:53,165 - [line:79] - INFO: > early stopping counter: 4 out of 30
2023-02-14 22:15:53,165 - [line:210] - INFO: start simCLR training for fine tune, epoch 6
2023-02-14 22:16:11,143 - [line:126] - INFO: [Epoch: 006] Train      | Loss: 2.3026 | Accuracy: 0.8256
2023-02-14 22:16:13,770 - [line:148] - INFO: [Epoch: 006] Validation | Loss: 2.3026 | Accuracy: 0.8256
2023-02-14 22:16:13,770 - [line:79] - INFO: > early stopping counter: 5 out of 30
2023-02-14 22:16:13,771 - [line:210] - INFO: start simCLR training for fine tune, epoch 7
2023-02-14 22:16:31,824 - [line:126] - INFO: [Epoch: 007] Train      | Loss: 2.3026 | Accuracy: 0.8252
2023-02-14 22:16:34,431 - [line:148] - INFO: [Epoch: 007] Validation | Loss: 2.3026 | Accuracy: 0.8238
2023-02-14 22:16:34,432 - [line:79] - INFO: > early stopping counter: 6 out of 30
2023-02-14 22:16:34,432 - [line:210] - INFO: start simCLR training for fine tune, epoch 8
2023-02-14 22:16:52,467 - [line:126] - INFO: [Epoch: 008] Train      | Loss: 2.3026 | Accuracy: 0.8238
2023-02-14 22:16:55,105 - [line:148] - INFO: [Epoch: 008] Validation | Loss: 2.3026 | Accuracy: 0.8269
2023-02-14 22:16:55,105 - [line:79] - INFO: > early stopping counter: 7 out of 30
2023-02-14 22:16:55,106 - [line:210] - INFO: start simCLR training for fine tune, epoch 9
2023-02-14 22:17:13,098 - [line:126] - INFO: [Epoch: 009] Train      | Loss: 2.3026 | Accuracy: 0.8250
2023-02-14 22:17:15,706 - [line:148] - INFO: [Epoch: 009] Validation | Loss: 2.3026 | Accuracy: 0.8295
2023-02-14 22:17:15,707 - [line:79] - INFO: > early stopping counter: 8 out of 30
2023-02-14 22:17:15,707 - [line:210] - INFO: start simCLR training for fine tune, epoch 10
2023-02-14 22:17:33,750 - [line:126] - INFO: [Epoch: 010] Train      | Loss: 2.3026 | Accuracy: 0.8252
2023-02-14 22:17:36,366 - [line:148] - INFO: [Epoch: 010] Validation | Loss: 2.3026 | Accuracy: 0.8259
2023-02-14 22:17:36,366 - [line:79] - INFO: > early stopping counter: 9 out of 30
2023-02-14 22:17:36,367 - [line:210] - INFO: start simCLR training for fine tune, epoch 11
2023-02-14 22:17:54,290 - [line:126] - INFO: [Epoch: 011] Train      | Loss: 2.3026 | Accuracy: 0.8244
2023-02-14 22:17:56,899 - [line:148] - INFO: [Epoch: 011] Validation | Loss: 2.3026 | Accuracy: 0.8260
2023-02-14 22:17:56,899 - [line:79] - INFO: > early stopping counter: 10 out of 30
2023-02-14 22:17:56,900 - [line:210] - INFO: start simCLR training for fine tune, epoch 12
2023-02-14 22:18:14,787 - [line:126] - INFO: [Epoch: 012] Train      | Loss: 2.3026 | Accuracy: 0.8255
2023-02-14 22:18:17,386 - [line:148] - INFO: [Epoch: 012] Validation | Loss: 2.3026 | Accuracy: 0.8264
2023-02-14 22:18:17,387 - [line:79] - INFO: > early stopping counter: 11 out of 30
2023-02-14 22:18:17,388 - [line:210] - INFO: start simCLR training for fine tune, epoch 13
2023-02-14 22:18:35,344 - [line:126] - INFO: [Epoch: 013] Train      | Loss: 2.3026 | Accuracy: 0.8243
2023-02-14 22:18:37,956 - [line:148] - INFO: [Epoch: 013] Validation | Loss: 2.3026 | Accuracy: 0.8262
2023-02-14 22:18:37,957 - [line:79] - INFO: > early stopping counter: 12 out of 30
2023-02-14 22:18:37,957 - [line:210] - INFO: start simCLR training for fine tune, epoch 14
2023-02-14 22:18:55,958 - [line:126] - INFO: [Epoch: 014] Train      | Loss: 2.3026 | Accuracy: 0.8243
2023-02-14 22:18:58,543 - [line:148] - INFO: [Epoch: 014] Validation | Loss: 2.3026 | Accuracy: 0.8279
2023-02-14 22:18:58,543 - [line:79] - INFO: > early stopping counter: 13 out of 30
2023-02-14 22:18:58,544 - [line:210] - INFO: start simCLR training for fine tune, epoch 15
2023-02-14 22:19:16,467 - [line:126] - INFO: [Epoch: 015] Train      | Loss: 2.3026 | Accuracy: 0.8252
2023-02-14 22:19:19,105 - [line:148] - INFO: [Epoch: 015] Validation | Loss: 2.3026 | Accuracy: 0.8288
2023-02-14 22:19:19,106 - [line:79] - INFO: > early stopping counter: 14 out of 30
2023-02-14 22:19:19,106 - [line:210] - INFO: start simCLR training for fine tune, epoch 16
2023-02-14 22:19:37,039 - [line:126] - INFO: [Epoch: 016] Train      | Loss: 2.3026 | Accuracy: 0.8243
2023-02-14 22:19:39,658 - [line:148] - INFO: [Epoch: 016] Validation | Loss: 2.3026 | Accuracy: 0.8269
2023-02-14 22:19:39,659 - [line:79] - INFO: > early stopping counter: 15 out of 30
2023-02-14 22:19:39,659 - [line:210] - INFO: start simCLR training for fine tune, epoch 17
2023-02-14 22:19:57,686 - [line:126] - INFO: [Epoch: 017] Train      | Loss: 2.3026 | Accuracy: 0.8241
2023-02-14 22:20:00,291 - [line:148] - INFO: [Epoch: 017] Validation | Loss: 2.3026 | Accuracy: 0.8272
2023-02-14 22:20:00,291 - [line:79] - INFO: > early stopping counter: 16 out of 30
2023-02-14 22:20:00,292 - [line:210] - INFO: start simCLR training for fine tune, epoch 18
2023-02-14 22:20:18,191 - [line:126] - INFO: [Epoch: 018] Train      | Loss: 2.3026 | Accuracy: 0.8257
2023-02-14 22:20:20,820 - [line:148] - INFO: [Epoch: 018] Validation | Loss: 2.3026 | Accuracy: 0.8281
2023-02-14 22:20:20,820 - [line:79] - INFO: > early stopping counter: 17 out of 30
2023-02-14 22:20:20,821 - [line:210] - INFO: start simCLR training for fine tune, epoch 19
2023-02-14 22:20:38,760 - [line:126] - INFO: [Epoch: 019] Train      | Loss: 2.3026 | Accuracy: 0.8239
2023-02-14 22:20:41,357 - [line:148] - INFO: [Epoch: 019] Validation | Loss: 2.3026 | Accuracy: 0.8272
2023-02-14 22:20:41,358 - [line:79] - INFO: > early stopping counter: 18 out of 30
2023-02-14 22:20:41,358 - [line:210] - INFO: start simCLR training for fine tune, epoch 20
2023-02-14 22:20:59,211 - [line:126] - INFO: [Epoch: 020] Train      | Loss: 2.3026 | Accuracy: 0.8247
2023-02-14 22:21:01,816 - [line:148] - INFO: [Epoch: 020] Validation | Loss: 2.3026 | Accuracy: 0.8289
2023-02-14 22:21:01,816 - [line:79] - INFO: > early stopping counter: 19 out of 30
2023-02-14 22:21:01,817 - [line:210] - INFO: start simCLR training for fine tune, epoch 21
2023-02-14 22:21:19,771 - [line:126] - INFO: [Epoch: 021] Train      | Loss: 2.3026 | Accuracy: 0.8254
2023-02-14 22:21:22,367 - [line:148] - INFO: [Epoch: 021] Validation | Loss: 2.3026 | Accuracy: 0.8268
2023-02-14 22:21:22,368 - [line:79] - INFO: > early stopping counter: 20 out of 30
2023-02-14 22:21:22,368 - [line:210] - INFO: start simCLR training for fine tune, epoch 22
2023-02-14 22:21:41,558 - [line:126] - INFO: [Epoch: 022] Train      | Loss: 2.3026 | Accuracy: 0.8252
2023-02-14 22:21:44,576 - [line:148] - INFO: [Epoch: 022] Validation | Loss: 2.3026 | Accuracy: 0.8254
2023-02-14 22:21:44,577 - [line:79] - INFO: > early stopping counter: 21 out of 30
2023-02-14 22:21:44,577 - [line:210] - INFO: start simCLR training for fine tune, epoch 23
2023-02-14 22:22:03,473 - [line:126] - INFO: [Epoch: 023] Train      | Loss: 2.3026 | Accuracy: 0.8258
2023-02-14 22:22:06,129 - [line:148] - INFO: [Epoch: 023] Validation | Loss: 2.3026 | Accuracy: 0.8255
2023-02-14 22:22:06,130 - [line:79] - INFO: > early stopping counter: 22 out of 30
2023-02-14 22:22:06,130 - [line:210] - INFO: start simCLR training for fine tune, epoch 24
2023-02-14 22:22:24,413 - [line:126] - INFO: [Epoch: 024] Train      | Loss: 2.3026 | Accuracy: 0.8254
2023-02-14 22:22:27,061 - [line:148] - INFO: [Epoch: 024] Validation | Loss: 2.3026 | Accuracy: 0.8261
2023-02-14 22:22:27,061 - [line:79] - INFO: > early stopping counter: 23 out of 30
2023-02-14 22:22:27,062 - [line:210] - INFO: start simCLR training for fine tune, epoch 25
2023-02-14 22:22:45,454 - [line:126] - INFO: [Epoch: 025] Train      | Loss: 2.3026 | Accuracy: 0.8249
2023-02-14 22:22:48,093 - [line:148] - INFO: [Epoch: 025] Validation | Loss: 2.3025 | Accuracy: 0.8246
2023-02-14 22:22:48,094 - [line:79] - INFO: > early stopping counter: 24 out of 30
2023-02-14 22:22:48,094 - [line:210] - INFO: start simCLR training for fine tune, epoch 26
2023-02-14 22:23:07,152 - [line:126] - INFO: [Epoch: 026] Train      | Loss: 2.3026 | Accuracy: 0.8241
2023-02-14 22:23:09,979 - [line:148] - INFO: [Epoch: 026] Validation | Loss: 2.3026 | Accuracy: 0.8250
2023-02-14 22:23:09,980 - [line:79] - INFO: > early stopping counter: 25 out of 30
2023-02-14 22:23:09,980 - [line:210] - INFO: start simCLR training for fine tune, epoch 27
2023-02-14 22:23:28,874 - [line:126] - INFO: [Epoch: 027] Train      | Loss: 2.3026 | Accuracy: 0.8238
2023-02-14 22:23:31,534 - [line:148] - INFO: [Epoch: 027] Validation | Loss: 2.3026 | Accuracy: 0.8259
2023-02-14 22:23:31,535 - [line:79] - INFO: > early stopping counter: 26 out of 30
2023-02-14 22:23:31,535 - [line:210] - INFO: start simCLR training for fine tune, epoch 28
2023-02-14 22:23:49,836 - [line:126] - INFO: [Epoch: 028] Train      | Loss: 2.3026 | Accuracy: 0.8260
2023-02-14 22:23:52,462 - [line:148] - INFO: [Epoch: 028] Validation | Loss: 2.3026 | Accuracy: 0.8261
2023-02-14 22:23:52,463 - [line:79] - INFO: > early stopping counter: 27 out of 30
2023-02-14 22:23:52,463 - [line:210] - INFO: start simCLR training for fine tune, epoch 29
2023-02-14 22:24:10,621 - [line:126] - INFO: [Epoch: 029] Train      | Loss: 2.3026 | Accuracy: 0.8251
2023-02-14 22:24:13,265 - [line:148] - INFO: [Epoch: 029] Validation | Loss: 2.3026 | Accuracy: 0.8256
2023-02-14 22:24:13,266 - [line:79] - INFO: > early stopping counter: 28 out of 30
2023-02-14 22:24:13,266 - [line:210] - INFO: start simCLR training for fine tune, epoch 30
2023-02-14 22:24:31,589 - [line:126] - INFO: [Epoch: 030] Train      | Loss: 2.3026 | Accuracy: 0.8249
2023-02-14 22:24:34,470 - [line:148] - INFO: [Epoch: 030] Validation | Loss: 2.3026 | Accuracy: 0.8262
2023-02-14 22:24:34,471 - [line:79] - INFO: > early stopping counter: 29 out of 30
2023-02-14 22:24:34,471 - [line:210] - INFO: start simCLR training for fine tune, epoch 31
2023-02-14 22:24:52,538 - [line:126] - INFO: [Epoch: 031] Train      | Loss: 2.3026 | Accuracy: 0.8234
2023-02-14 22:24:55,114 - [line:148] - INFO: [Epoch: 031] Validation | Loss: 2.3026 | Accuracy: 0.8274
2023-02-14 22:24:55,115 - [line:79] - INFO: > early stopping counter: 30 out of 30
